ack-grep
ansible
ansible-fireball
ansible-node-fireball
aptitude
atom
awscli
build-essential
bundler
cargo
chef
chef-zero
cmake
colordiff
command-not-found
curl
exuberant-ctags
fabric
fingerprint-gui
fonts-powerline
foodcritic
gist
git
gtk-redshift
jq
legit
libxml2-dev
libxslt1-dev
libz-dev
mysql-client
perl
php-cli
php-common
php-http-request
php-json
php-mail
php-mysql
php-net-dime
php-net-smtp
php-net-socket
php-net-url
php-pear
php-readline
php-soap
python-dev
python-gdbm
python-lxml
python-pip
python-software-properties
rake
redshift
ruby
ruby-all-dev
rubygems
s3cmd
s3fs
silversearcher-ag
software-properties-common
source-highlight
terminator
tig
tilda
tmux
unrar
unzip
vagrant
vim
vim-common
vim-gnome
vim-gui-common
vim-haproxy
vim-latexsuite
vim-migemo
vim-puppet
vim-rails
vim-runtime
vim-scripts
vim-syntax-docker
vim-syntax-gtk
vim-tiny
vim-vimerl
vim-vimerl-syntax
