ack
ansible
ansible-lint
awless
awscli
azure-cli
bash
bash-completion
binutils
brew-cask
brew-cask-completion
brew-pip
cask
ccat
cmake
coffeescript
colordiff
compose2kube
cookiecutter
coreutils
curl
dark-mode
docker-compose
ec2-ami-tools
ec2-api-tools
elktail
exa
exif
exiftool
findutils
gawk
git
godep
groovy
highlight
htop
httpie
hub
imagemagick
ipcalc
iproute2mac
jid
jq
jruby
jsmin
jsonnet
kops
kube-aws
kubernetes-cli
kubernetes-helm
legit
macvim
molecule
moreutils
mtr
neovim
nmap
node
openshift-cli
openssl
packer
pre-commit
python
ranger
reattach-to-user-namespace
rename
s3cmd
shellcheck
source-highlight
terraform
terragrunt
the_silver_searcher
thefuck
tig
tmux
tree
ufraw
vagrant-completion
vim
w3m
wget
xhyve
yarn
