alfred
android-file-transfer
applepi-baker
atom
cakebrew
cerebro
chefdk
docker-edge
etcher
firefox
flux
font-droidsansmono-nerd-font
font-droidsansmono-nerd-font-mono
font-fontawesome
font-robotomono-nerd-font
font-robotomono-nerd-font-mono
font-ubuntumono-nerd-font
font-ubuntumono-nerd-font-mono
google-chrome
google-hangouts
gpgtools
hab
hammerspoon
hipchat
iterm2
java
keepingyouawake
magicprefs
minikube
minishift
powershell
skype
skype-for-business
slack
spotify
the-unarchiver
vagrant
viber
virtualbox
virtualbox-extension-pack
webex-nbr-player
webex-wrf-player
whatsapp
