ansible
ansible-fireball
ansible-node-fireball
aptitude
awscli
build-essential
bundler
chef
chef-zero
cargo
cmake
colordiff
command-not-found
curl
exuberant-ctags
fabric
fonts-powerline
foodcritic
gist
git
jq
legit
lxc-docker
mysql-client
perl
php-http-request
php-mail
php-net-dime
php-net-smtp
php-net-socket
php-net-url
php-pear
php-soap
php5-cli
php5-common
php5-json
php5-mysql
php5-readline
python-dev
python-pip
python-gdbm
python3-dev
rake
ruby
rubygems
ruby-all-dev
s3cmd
s3fs
silversearcher-ag
software-properties-common
python-software-properties
terminator
tilda
tmux
unrar
unzip
vagrant
vim
vim-common
vim-gnome
vim-gui-common
vim-haproxy
vim-latexsuite
vim-migemo
vim-puppet
vim-rails
vim-runtime
vim-scripts
vim-syntax-docker
vim-syntax-gtk
vim-tiny
vim-vimerl
vim-vimerl-syntax
