ack-grep
apt
bash
bash-completion
binutils
busybox
c-ares
ca-certificates
clang
colordiff
command-not-found
coreutils
curl
dash
dpkg
file
gawk
gdbm
gettext
git
glib
gnupg
gpgv
grep
htop
jq
ldns
less
libandroid-glob
libandroid-support
libandroid-support-dev
libbz2
libc++
libcroco
libcrypt
libcurl
libedit
libevent
libffi
libgc
libgcc
libgmp
libgnustl
libllvm
liblua
liblzma
libmpfr
libnghttp2
libpcap
libsqlite
libunistring
libutil
libuuid
libxml2
make
man
ncurses
ncurses-ui-libs
ndk-stl
ndk-sysroot
netcat
nmap
nodejs
openssh
openssl
openssl-dev
openssl-tool
pcre
perl
python
python-dev
ranger
readline
resolv-conf
ruby
ruby-dev
screenfetch
termux-api
termux-elf-cleaner
termux-tools
tmux
tree
vim-python
vim-runtime
w3m
wget
