DavidAnson.vscode-markdownlint
DotJoshJohnson.xml
Pendrica.chef
PeterJausovec.vscode-docker
castwide.solargraph
chiragpat.tomorrow-and-tomorrow-night-operator-mono-theme
dracula-theme.theme-dracula
erd0s.terraform-autocomplete
file-icons.file-icons
haaaad.ansible
magicstack.MagicPython
mauve.terraform
mindginative.terraform-snippets
ms-python.python
ms-vscode.atom-keybindings
ms-vscode.azurecli
rebornix.Ruby
robertohuertasm.vscode-icons
ryu1kn.partial-diff
thomas-baumgaertner.vcl
vscodevim.vim
zhuangtongfa.Material-theme
