# docker-edge
# hab
# pingplotter
#alfred
#cakebrew
#cerebro
#oni
alacritty
android-file-transfer
android-platform-tools
applepi-baker
atom
chefdk
cisco-proximity
clipy
cyberduck
docker
etcher
firefox
flux
font-droidsansmono-nerd-font
font-droidsansmono-nerd-font-mono
font-fira-code
font-fira-mono
font-fira-mono-for-powerline
font-fira-sans
font-firacode-nerd-font
font-firacode-nerd-font-mono
font-firamono-nerd-font
font-firamono-nerd-font-mono
font-fontawesome
font-jetbrains-mono
font-robotomono-nerd-font
font-robotomono-nerd-font-mono
font-terminus
font-terminus-nerd-font
font-terminus-nerd-font-mono
font-ubuntumono-nerd-font
font-ubuntumono-nerd-font-mono
git-credential-manager-core
google-chrome
google-hangouts
gpg-suite
hammerspoon
hipchat
iterm2
java
keepingyouawake
kitty
magicprefs
minikube
minishift
multipass
osxfuse
powershell
quicklook-json
rq
skype
skype-for-business
slack
spotify
the-unarchiver
ubersicht
vagrant
viber
virtualbox
virtualbox-extension-pack
visual-studio-code
webex-nbr-player
webex-wrf-player
whatsapp
wireshark
zoomus
