# k8s.io/helm/cmd/helm
github.com/anacrolix/torrent/cmd/...
github.com/azer/yolo
github.com/cloudposse/slack-notifier
github.com/gardener/gardenctl
github.com/golang/lint/golint
github.com/hashicorp/terraform
github.com/ivanilves/lstags
github.com/kubernauts/tk8
github.com/kubicorn/kubicorn
github.com/liggitt/audit2rbac
github.com/pkg/errors
github.com/reactiveops/rbac-lookup
github.com/spf13/viper
github.com/sqs/goreturns
github.com/uber/astro/astro/cli/astro
github.com/wagoodman/dive
github.com/zegl/kube-score
golang.org/x/tools/cmd/godoc
golang.org/x/tools/cmd/goimports
k8s.io/kubernetes/cmd/kubectl
sigs.k8s.io/kind
