# ansible
# yq
BlastRadius
Pygments
alacritty-colorscheme
ansible-test
aws-sso-util
boto
boto3
bpython
click
container-transform
docformatter
docker
dreampie
fastapi
glances
howdoi
importmagic
ipython
isort
jedi
jedi-language-server
jtbl
k8s-handle
kube-shell
kubernetes
manage-fastapi
mdv
molecule
neovim
parallel-ssh
pip
pre-commit
pterraform
ptpython
pycodestyle
pydantic
pyflakes
pygments-style-tomorrownightbright
pyhcl
pyinstaller
pylint
pyls
pyobjc
python-language-server
pyvmomi
setuptools
shutit
sshuttle
terrafile
tfdiagrams
thefuck
tomorrow
uvicorn
