ppa:noobslab/themes
ppa:alexlarsson/flatpak
ppa:dawidd0811/neofetch
ppa:wereturtle/ppa
ppa:snwh/ppa
ppa:webupd8team/atom
ppa:fish-shell/release-2
ppa:atareao/atareao
ppa:linrunner/tlp
ppa:webupd8team/y-ppa-manager
ppa:libreoffice/ppa
ppa:team-xbmc/ppa
ppa:neovim-ppa/unstable
ppa:fixnix/indicator-systemtray-unity
ppa:apandada1/brightness-controller
ppa:fingerprint/fingerprint-gui
ppa:webupd8team/terminix
ppa:nathan-renniewaldock/flux
ppa:ultradvorka/ppa
ppa:nilarimogard/webupd8
ppa:pi-rho/dev
ppa:s.noack/ppa
