browsh-org/homebrew-browsh
buo/cask-upgrade
caskroom/cask
caskroom/drivers
caskroom/fonts
chef/chef
cloudfoundry/tap
crisidev/homebrew-chunkwm
datawire/blackbird
derailed/k9s
derailed/popeye
egison/egison
habitat-sh/habitat
homebrew/cask-versions
homebrew/command-not-found
homebrew/services
jakehilborn/jakehilborn
jesseduffield/lazydocker
jzelinskie/faq
knes1/tap
knqyf263/pet
koekeishiya/formulae
kontena/chpharos
mike-engel/jwt-cli
neovim/neovim
reactiveops/tap
reconquest/tubekit https://github.com/reconquest/tubekit.git
wagoodman/dive
wallix/awless
yudai/gotty
zaquestion/tap
