brainfit.vscode-importmagic
castwide.solargraph
casualjim.gotemplate
DavidAnson.vscode-markdownlint
dbaeumer.vscode-eslint
DotJoshJohnson.xml
dracula-theme.theme-dracula
eamodio.gitlens
erd0s.terraform-autocomplete
file-icons.file-icons
formulahendry.code-runner
haaaad.ansible
huizhou.githd
in4margaret.compareit
ipedrazas.kubernetes-snippets
jetmartin.bats
joshpeng.theme-tomorrowkit-sublime
letmaik.git-tree-compare
loganarnett.tf-snippets
magicstack.MagicPython
marquesmps.dockerfile-validator
mauve.terraform
mindginative.terraform-snippets
misogi.ruby-rubocop
ms-kubernetes-tools.vscode-kubernetes-tools
ms-python.python
ms-vscode.atom-keybindings
ms-vscode.azurecli
ms-vscode.Go
nhoizey.gremlins
p1c2u.docker-compose
Pendrica.chef
PeterJausovec.vscode-docker
rebornix.ruby
redhat.vscode-yaml
ryu1kn.partial-diff
technosophos.vscode-helm
thomas-baumgaertner.vcl
vscode-icons-team.vscode-icons
vscodevim.vim
zhuangtongfa.Material-theme
